<?xml version="1.0" encoding="UTF-8"?>
<!-- Generated by org.testng.reporters.JUnitXMLReporter -->
<testsuite ignored="1" hostname="LAPTOP-471TUT24" failures="0" tests="3" name="Default test" time="2.785" errors="0" timestamp="2023-10-12T16:30:04 IST">
  <testcase classname="com.simplilearn.testpages.HomePageTest" name="titleTest" time="0.042"/>
  <testcase classname="com.simplilearn.testpages.HomePageTest" name="isAllCoursesTest" time="2.09"/>
  <testcase classname="com.simplilearn.testpages.HomePageTest" name="getAllCourses" time="0.553"/>
  <testcase classname="com.simplilearn.base.BaseTest" name="@BeforeSuite openBrowser" time="0.0">
    <ignored/>
  </testcase> <!-- @BeforeSuite openBrowser -->
</testsuite> <!-- Default test -->
