<?xml version="1.0" encoding="UTF-8"?>
<testng-results ignored="1" total="4" passed="3" failed="0" skipped="0">
  <reporter-output>
  </reporter-output>
  <suite started-at="2023-10-12T16:30:02 IST" name="Default suite" finished-at="2023-10-12T16:30:04 IST" duration-ms="2785">
    <groups>
    </groups>
    <test started-at="2023-10-12T16:30:02 IST" name="Default test" finished-at="2023-10-12T16:30:04 IST" duration-ms="2785">
      <class name="com.simplilearn.base.BaseTest">
        <test-method is-config="true" signature="openBrowser()[pri:0, instance:com.simplilearn.base.BaseTest@58cbafc2]" started-at="2023-10-12T16:29:48 IST" name="openBrowser" finished-at="2023-10-12T16:30:02 IST" duration-ms="13804" status="PASS">
          <reporter-output>
          </reporter-output>
        </test-method> <!-- openBrowser -->
      </class> <!-- com.simplilearn.base.BaseTest -->
      <class name="com.simplilearn.testpages.HomePageTest">
        <test-method signature="titleTest()[pri:49, instance:com.simplilearn.testpages.HomePageTest@1c5920df]" started-at="2023-10-12T16:30:02 IST" name="titleTest" finished-at="2023-10-12T16:30:02 IST" duration-ms="42" status="PASS">
          <reporter-output>
          </reporter-output>
        </test-method> <!-- titleTest -->
        <test-method signature="isAllCoursesTest()[pri:50, instance:com.simplilearn.testpages.HomePageTest@1c5920df]" started-at="2023-10-12T16:30:02 IST" name="isAllCoursesTest" finished-at="2023-10-12T16:30:04 IST" duration-ms="2090" status="PASS">
          <reporter-output>
          </reporter-output>
        </test-method> <!-- isAllCoursesTest -->
        <test-method signature="getAllCourses()[pri:51, instance:com.simplilearn.testpages.HomePageTest@1c5920df]" started-at="2023-10-12T16:30:04 IST" name="getAllCourses" finished-at="2023-10-12T16:30:04 IST" duration-ms="553" status="PASS">
          <reporter-output>
          </reporter-output>
        </test-method> <!-- getAllCourses -->
      </class> <!-- com.simplilearn.testpages.HomePageTest -->
    </test> <!-- Default test -->
  </suite> <!-- Default suite -->
</testng-results>
